2019-11-14 23:16:28,356 - watchdog - DEBUG - [1573766188.356844] Connection is alive. Prompt before auth
2019-11-14 23:16:28,388 - root - DEBUG - RECEIVE: Hello %username%! Enter your personal hash or leave it empty to create new account.

2019-11-14 23:16:28,388 - root - DEBUG - SEND: 6bae0f08-fd54-11e9-8154-0242ac110002
2019-11-14 23:16:28,410 - root - DEBUG - RECEIVE: {"nickname": "Wizardly gg", "account_hash": "6bae0f08-fd54-11e9-8154-0242ac110002"}

2019-11-14 23:16:28,410 - root - DEBUG - authorization done. User: Wizardly gg
2019-11-14 23:16:28,410 - root - DEBUG - RECEIVE: Welcome to chat! Post your message below. End it with an empty line.

2019-11-14 23:16:28,411 - watchdog - DEBUG - [1573766188.4110928] Connection is alive. Authorization done
2019-11-14 23:16:28,411 - root - DEBUG - SEND: 

2019-11-14 23:16:28,431 - root - DEBUG - RECEIVE: Message send. Write more, end message with an empty line.

2019-11-14 23:16:28,431 - watchdog - DEBUG - [1573766188.431926] Connection is alive. PING
2019-11-14 23:16:29,433 - root - DEBUG - SEND: 

2019-11-14 23:16:29,433 - root - DEBUG - RECEIVE: Message send. Write more, end message with an empty line.

2019-11-14 23:16:29,433 - watchdog - DEBUG - [1573766189.43385] Connection is alive. PING
2019-11-14 23:16:29,883 - watchdog - DEBUG - [1573766189.883042] Connection is alive. New message in chat
2019-11-14 23:16:30,435 - root - DEBUG - SEND: 

2019-11-14 23:16:30,435 - root - DEBUG - RECEIVE: Message send. Write more, end message with an empty line.

2019-11-14 23:16:30,435 - watchdog - DEBUG - [1573766190.4356096] Connection is alive. PING
2019-11-14 23:16:30,875 - watchdog - DEBUG - [1573766190.8752918] Connection is alive. Prompt before auth
2019-11-14 23:16:30,896 - root - DEBUG - RECEIVE: Hello %username%! Enter your personal hash or leave it empty to create new account.

2019-11-14 23:16:30,896 - root - DEBUG - SEND: 6bae0f08-fd54-11e9-8154-0242ac110002
2019-11-14 23:16:30,918 - root - DEBUG - RECEIVE: {"nickname": "Wizardly gg", "account_hash": "6bae0f08-fd54-11e9-8154-0242ac110002"}

2019-11-14 23:16:30,918 - root - DEBUG - authorization done. User: Wizardly gg
2019-11-14 23:16:30,918 - root - DEBUG - RECEIVE: Welcome to chat! Post your message below. End it with an empty line.

2019-11-14 23:16:30,919 - watchdog - DEBUG - [1573766190.9192317] Connection is alive. Authorization done
2019-11-14 23:16:30,919 - root - DEBUG - SEND: 

2019-11-14 23:16:30,942 - root - DEBUG - RECEIVE: Message send. Write more, end message with an empty line.

2019-11-14 23:16:30,942 - watchdog - DEBUG - [1573766190.9427557] Connection is alive. PING
